<?xml version="1.0" encoding="UTF-8"?>
<!-- Generated by org.testng.reporters.JUnitReportReporter -->
<testsuite skipped="0" hostname="258-PC" name="academy.HomePageTests" tests="2" failures="0" timestamp="2021-11-19T15:57:34 EET" time="7.801" errors="0">
  <testcase name="HomePageLogin" time="6.171" classname="academy.HomePageTests"/>
  <system-out/>
  <testcase name="HomePageLogin" time="1.630" classname="academy.HomePageTests"/>
  <system-out/>
</testsuite> <!-- academy.HomePageTests -->
