<?xml version="1.0" encoding="UTF-8"?>
<!-- Generated by org.testng.reporters.JUnitReportReporter -->
<testsuite skipped="0" hostname="258-PC" name="academy.HomePageCheckNavigationBarTest" tests="1" failures="0" timestamp="2021-11-22T18:05:26 EET" time="10.033" errors="0">
  <testcase name="checkNavigationBar" time="10.033" classname="academy.HomePageCheckNavigationBarTest"/>
  <system-out/>
</testsuite> <!-- academy.HomePageCheckNavigationBarTest -->
