<?xml version="1.0" encoding="UTF-8"?>
<!-- Generated by org.testng.reporters.JUnitReportReporter -->
<testsuite skipped="0" hostname="258-PC" name="cucumber.TestRunner" tests="2" failures="0" timestamp="2021-11-24T18:53:42 EET" time="22.251" errors="0">
  <testcase name="runScenario" time="11.625" classname="cucumber.TestRunner"/>
  <system-out/>
  <testcase name="runScenario" time="10.626" classname="cucumber.TestRunner"/>
  <system-out/>
</testsuite> <!-- cucumber.TestRunner -->
